<?xml version="1.0" encoding="UTF-8"?>
<testsuite xmlns:xsi="http://www.w3.org/2001/XMLSchema-instance" xsi:noNamespaceSchemaLocation="https://maven.apache.org/surefire/maven-surefire-plugin/xsd/surefire-test-report-3.0.xsd" version="3.0" name="logintest" time="12.604" tests="1" errors="0" skipped="0" failures="0">
  <properties>
[...]
</properties>
  <testcase name="login" classname="logintest" time="12.553">
    <system-out><![CDATA[
        
  A/B Test Variation 1
  
    Also known as split testing. This is a way in which businesses are able to simultaneously test and learn different versions of a page to see which text and/or functionality works best towards a desired outcome (e.g. a user action such as a click-through).


      
Element is visible
]]></system-out>
  </testcase>
</testsuite>